[debug] [2021-07-13T13:34:41.860Z] ----------------------------------------------------------------------
[debug] [2021-07-13T13:34:41.868Z] Command:       C:\Program Files\nodejs\node.exe C:\Program Files\nodejs\node_modules\firebase-tools\lib\bin\firebase.js init
[debug] [2021-07-13T13:34:41.869Z] CLI Version:   9.16.0
[debug] [2021-07-13T13:34:41.870Z] Platform:      win32
[debug] [2021-07-13T13:34:41.870Z] Node Version:  v14.16.0
[debug] [2021-07-13T13:34:41.873Z] Time:          Tue Jul 13 2021 16:34:41 GMT+0300 (Москва, стандартное время)
[debug] [2021-07-13T13:34:41.873Z] ----------------------------------------------------------------------
[debug] 
[debug] [2021-07-13T13:34:41.881Z] >>> [apiv2][query] GET https://firebase-public.firebaseio.com/cli.json [none]
[debug] [2021-07-13T13:34:41.923Z] > command requires scopes: ["email","openid","https://www.googleapis.com/auth/cloudplatformprojects.readonly","https://www.googleapis.com/auth/firebase","https://www.googleapis.com/auth/cloud-platform"]
[debug] [2021-07-13T13:34:41.923Z] > authorizing via signed-in user (kostyanp95@gmail.com)
[info] 
     ######## #### ########  ######## ########     ###     ######  ########
     ##        ##  ##     ## ##       ##     ##  ##   ##  ##       ##
     ######    ##  ########  ######   ########  #########  ######  ######
     ##        ##  ##    ##  ##       ##     ## ##     ##       ## ##
     ##       #### ##     ## ######## ########  ##     ##  ######  ########

You're about to initialize a Firebase project in this directory:

  C:\Users\kosty\IdeaProjects\crm-system\client

[debug] [2021-07-13T13:34:42.546Z] <<< [apiv2][status] GET https://firebase-public.firebaseio.com/cli.json 200
[debug] [2021-07-13T13:34:42.547Z] <<< [apiv2][body] GET https://firebase-public.firebaseio.com/cli.json {"cloudBuildErrorAfter":1594252800000,"cloudBuildWarnAfter":1590019200000,"defaultNode10After":1594252800000,"minVersion":"3.0.5","node8DeploysDisabledAfter":1613390400000,"node8RuntimeDisabledAfter":1615809600000,"node8WarnAfter":1600128000000}
